12/14/2025 05:41:47 PM INFO EV_prediction - spatialtemporal_feature: Spatial-temporal feature Generated, column shape: (522, 92)
12/14/2025 05:41:47 PM INFO EV_prediction - generate_multistep_data: Generating Multi-Step Data for 2 steps...
12/14/2025 05:41:47 PM INFO EV_prediction - generate_multistep_data: Multi-step data generated. Shape: (870, 95)
12/14/2025 05:41:47 PM INFO EV_prediction - xgb_train: Starting XGBoost Training & Validation...
12/14/2025 05:41:48 PM INFO EV_prediction - xgb_train: VALIDATION RESULTS (Year 2020)
12/14/2025 05:41:48 PM INFO EV_prediction - xgb_train: RMSE: 21.1762
12/14/2025 05:41:48 PM INFO EV_prediction - xgb_train: R2 Score: 0.9422
12/14/2025 05:41:48 PM INFO EV_prediction - xgb_forecast: Generating Future Forecasts for next 2 years...
12/14/2025 05:41:49 PM INFO EV_prediction - xgb_forecast: Forecasting future 2 years completed.
12/14/2025 05:41:50 PM INFO EV_prediction - plot_error_distribution: Generating RMSE distribution plot...
12/14/2025 05:41:50 PM INFO EV_prediction - plot_error_distribution: Generating Actual vs Predicted Adoption Rate...
12/14/2025 05:51:07 PM INFO <ipython-input-13-7070c0c2de9e> - <module>: Generating RMSE distribution plot...
12/14/2025 05:51:07 PM INFO <ipython-input-13-7070c0c2de9e> - <module>: Generating Actual vs Predicted Adoption Rate...
12/14/2025 05:51:30 PM INFO <ipython-input-14-6696fb949462> - <module>: Generating RMSE distribution plot...
12/14/2025 05:51:30 PM INFO <ipython-input-14-6696fb949462> - <module>: Generating Actual vs Predicted Adoption Rate...
12/14/2025 05:51:54 PM INFO <ipython-input-15-a9a813d30408> - <module>: Generating RMSE distribution plot...
12/14/2025 05:51:54 PM INFO <ipython-input-15-a9a813d30408> - <module>: Generating Actual vs Predicted Adoption Rate...
12/14/2025 05:52:28 PM INFO <ipython-input-16-44f64ca866bd> - <module>: Generating RMSE distribution plot...
12/14/2025 05:52:28 PM INFO <ipython-input-16-44f64ca866bd> - <module>: Generating Actual vs Predicted Adoption Rate...
12/14/2025 05:54:11 PM INFO <ipython-input-20-bb2c17bf82c4> - <module>: Generating RMSE distribution plot...
12/14/2025 05:54:11 PM INFO <ipython-input-20-bb2c17bf82c4> - <module>: Generating Actual vs Predicted Adoption Rate...
12/14/2025 05:56:37 PM INFO <ipython-input-25-44f64ca866bd> - <module>: Generating RMSE distribution plot...
12/14/2025 05:56:37 PM INFO <ipython-input-25-44f64ca866bd> - <module>: Generating Actual vs Predicted Adoption Rate...
